
state 0
	$accept: .expression $end 

	String  shift 20
	Number  shift 19
	Print  shift 11
	Label  shift 4
	Type  shift 12
	Get  shift 14
	Put  shift 15
	Post  shift 16
	Delete  shift 17
	Head  shift 18
	.  error

	expression  goto 1
	assignment  goto 2
	statement  goto 3
	print_st  goto 5
	label_st  goto 6
	type_st  goto 7
	arith_st  goto 8
	network_st  goto 9
	field_st  goto 10
	eval_expr  goto 13

state 1
	$accept:  expression.$end 

	$end  accept
	.  error


state 2
	expression:  assignment.    (1)

	.  reduce 1 (src line 26)


state 3
	expression:  statement.    (2)

	.  reduce 2 (src line 28)


state 4
	label_st:  Label.    (9)
	assignment:  Label.'=' eval_expr 
	assignment:  Label.'=' 
	assignment:  Label.'=' network_st 
	assignment:  Label.'=' field_st 
	assignment:  Label.'=' json_st 
	eval_expr:  Label.    (32)
	field_st:  Label.'.' Label 

	$end  reduce 9 (src line 38)
	'='  shift 21
	'.'  shift 22
	.  reduce 32 (src line 75)


state 5
	statement:  print_st.    (3)

	.  reduce 3 (src line 30)


state 6
	statement:  label_st.    (4)

	.  reduce 4 (src line 32)


state 7
	statement:  type_st.    (5)

	.  reduce 5 (src line 33)


state 8
	statement:  arith_st.    (6)
	eval_expr:  arith_st.    (33)

	$end  reduce 6 (src line 34)
	.  reduce 33 (src line 76)


state 9
	statement:  network_st.    (7)

	.  reduce 7 (src line 35)


state 10
	statement:  field_st.    (8)
	field_st:  field_st.'.' Label 

	'.'  shift 23
	.  reduce 8 (src line 36)


state 11
	print_st:  Print.'(' Value ')' 
	print_st:  Print.'(' Label ')' 
	print_st:  Print.'(' ')' 
	print_st:  Print.'(' field_st ')' 
	print_st:  Print.'(' network_st ')' 

	'('  shift 24
	.  error


state 12
	type_st:  Type.Label 

	Label  shift 25
	.  error


state 13
	arith_st:  eval_expr.'+' eval_expr 
	arith_st:  eval_expr.'-' eval_expr 
	arith_st:  eval_expr.'*' eval_expr 
	arith_st:  eval_expr.'/' eval_expr 

	'+'  shift 26
	'-'  shift 27
	'*'  shift 28
	'/'  shift 29
	.  error


state 14
	network_st:  Get.String header_st body_st 

	String  shift 30
	.  error


state 15
	network_st:  Put.String header_st body_st 

	String  shift 31
	.  error


state 16
	network_st:  Post.String header_st body_st 

	String  shift 32
	.  error


state 17
	network_st:  Delete.String header_st body_st 

	String  shift 33
	.  error


state 18
	network_st:  Head.String header_st body_st 

	String  shift 34
	.  error


state 19
	eval_expr:  Number.    (30)

	.  reduce 30 (src line 72)


state 20
	eval_expr:  String.    (31)

	.  reduce 31 (src line 74)


state 21
	assignment:  Label '='.eval_expr 
	assignment:  Label '='.    (22)
	assignment:  Label '='.network_st 
	assignment:  Label '='.field_st 
	assignment:  Label '='.json_st 

	String  shift 20
	Number  shift 19
	Label  shift 39
	Get  shift 14
	Put  shift 15
	Post  shift 16
	Delete  shift 17
	Head  shift 18
	Json  shift 41
	.  reduce 22 (src line 61)

	arith_st  goto 40
	network_st  goto 36
	field_st  goto 37
	json_st  goto 38
	eval_expr  goto 35

state 22
	field_st:  Label '.'.Label 

	Label  shift 42
	.  error


state 23
	field_st:  field_st '.'.Label 

	Label  shift 43
	.  error


state 24
	print_st:  Print '('.Value ')' 
	print_st:  Print '('.Label ')' 
	print_st:  Print '('.')' 
	print_st:  Print '('.field_st ')' 
	print_st:  Print '('.network_st ')' 

	String  shift 49
	Number  shift 50
	Label  shift 45
	Get  shift 14
	Put  shift 15
	Post  shift 16
	Delete  shift 17
	Head  shift 18
	')'  shift 46
	.  error

	network_st  goto 48
	field_st  goto 47
	Value  goto 44

state 25
	type_st:  Type Label.    (17)

	.  reduce 17 (src line 51)


state 26
	arith_st:  eval_expr '+'.eval_expr 

	String  shift 20
	Number  shift 19
	Label  shift 52
	.  error

	arith_st  goto 40
	eval_expr  goto 51

state 27
	arith_st:  eval_expr '-'.eval_expr 

	String  shift 20
	Number  shift 19
	Label  shift 52
	.  error

	arith_st  goto 40
	eval_expr  goto 53

state 28
	arith_st:  eval_expr '*'.eval_expr 

	String  shift 20
	Number  shift 19
	Label  shift 52
	.  error

	arith_st  goto 40
	eval_expr  goto 54

state 29
	arith_st:  eval_expr '/'.eval_expr 

	String  shift 20
	Number  shift 19
	Label  shift 52
	.  error

	arith_st  goto 40
	eval_expr  goto 55

state 30
	network_st:  Get String.header_st body_st 
	header_st: .    (36)

	Header  shift 58
	.  reduce 36 (src line 83)

	header_sg  goto 57
	header_st  goto 56

state 31
	network_st:  Put String.header_st body_st 
	header_st: .    (36)

	Header  shift 58
	.  reduce 36 (src line 83)

	header_sg  goto 57
	header_st  goto 59

state 32
	network_st:  Post String.header_st body_st 
	header_st: .    (36)

	Header  shift 58
	.  reduce 36 (src line 83)

	header_sg  goto 57
	header_st  goto 60

state 33
	network_st:  Delete String.header_st body_st 
	header_st: .    (36)

	Header  shift 58
	.  reduce 36 (src line 83)

	header_sg  goto 57
	header_st  goto 61

state 34
	network_st:  Head String.header_st body_st 
	header_st: .    (36)

	Header  shift 58
	.  reduce 36 (src line 83)

	header_sg  goto 57
	header_st  goto 62

state 35
	assignment:  Label '=' eval_expr.    (21)
	arith_st:  eval_expr.'+' eval_expr 
	arith_st:  eval_expr.'-' eval_expr 
	arith_st:  eval_expr.'*' eval_expr 
	arith_st:  eval_expr.'/' eval_expr 

	'+'  shift 26
	'-'  shift 27
	'*'  shift 28
	'/'  shift 29
	.  reduce 21 (src line 59)


state 36
	assignment:  Label '=' network_st.    (23)

	.  reduce 23 (src line 62)


state 37
	assignment:  Label '=' field_st.    (24)
	field_st:  field_st.'.' Label 

	'.'  shift 23
	.  reduce 24 (src line 63)


state 38
	assignment:  Label '=' json_st.    (25)

	.  reduce 25 (src line 64)


state 39
	eval_expr:  Label.    (32)
	field_st:  Label.'.' Label 

	'.'  shift 22
	.  reduce 32 (src line 75)


state 40
	eval_expr:  arith_st.    (33)

	.  reduce 33 (src line 76)


state 41
	json_st:  Json.'(' String ')' 
	json_st:  Json.'(' Label ')' 
	json_st:  Json.'(' field_st ')' 

	'('  shift 63
	.  error


state 42
	field_st:  Label '.' Label.    (46)

	.  reduce 46 (src line 98)


state 43
	field_st:  field_st '.' Label.    (47)

	.  reduce 47 (src line 103)


state 44
	print_st:  Print '(' Value.')' 

	')'  shift 64
	.  error


state 45
	print_st:  Print '(' Label.')' 
	field_st:  Label.'.' Label 

	')'  shift 65
	'.'  shift 22
	.  error


state 46
	print_st:  Print '(' ')'.    (14)

	.  reduce 14 (src line 47)


state 47
	print_st:  Print '(' field_st.')' 
	field_st:  field_st.'.' Label 

	')'  shift 66
	'.'  shift 23
	.  error


state 48
	print_st:  Print '(' network_st.')' 

	')'  shift 67
	.  error


state 49
	Value:  String.    (10)

	.  reduce 10 (src line 41)


state 50
	Value:  Number.    (11)

	.  reduce 11 (src line 42)


state 51
	arith_st:  eval_expr.'+' eval_expr 
	arith_st:  eval_expr '+' eval_expr.    (26)
	arith_st:  eval_expr.'-' eval_expr 
	arith_st:  eval_expr.'*' eval_expr 
	arith_st:  eval_expr.'/' eval_expr 

	'*'  shift 28
	'/'  shift 29
	.  reduce 26 (src line 66)


state 52
	eval_expr:  Label.    (32)

	.  reduce 32 (src line 75)


state 53
	arith_st:  eval_expr.'+' eval_expr 
	arith_st:  eval_expr.'-' eval_expr 
	arith_st:  eval_expr '-' eval_expr.    (27)
	arith_st:  eval_expr.'*' eval_expr 
	arith_st:  eval_expr.'/' eval_expr 

	'*'  shift 28
	'/'  shift 29
	.  reduce 27 (src line 68)


state 54
	arith_st:  eval_expr.'+' eval_expr 
	arith_st:  eval_expr.'-' eval_expr 
	arith_st:  eval_expr.'*' eval_expr 
	arith_st:  eval_expr '*' eval_expr.    (28)
	arith_st:  eval_expr.'/' eval_expr 

	.  reduce 28 (src line 69)


state 55
	arith_st:  eval_expr.'+' eval_expr 
	arith_st:  eval_expr.'-' eval_expr 
	arith_st:  eval_expr.'*' eval_expr 
	arith_st:  eval_expr.'/' eval_expr 
	arith_st:  eval_expr '/' eval_expr.    (29)

	.  reduce 29 (src line 70)


state 56
	network_st:  Get String header_st.body_st 
	body_st: .    (38)

	Body  shift 69
	.  reduce 38 (src line 86)

	body_st  goto 68

state 57
	header_st:  header_sg.    (35)
	header_st:  header_sg.header_sg 

	Header  shift 58
	.  reduce 35 (src line 81)

	header_sg  goto 70

state 58
	header_sg:  Header.String 

	String  shift 71
	.  error


state 59
	network_st:  Put String header_st.body_st 
	body_st: .    (38)

	Body  shift 69
	.  reduce 38 (src line 86)

	body_st  goto 72

state 60
	network_st:  Post String header_st.body_st 
	body_st: .    (38)

	Body  shift 69
	.  reduce 38 (src line 86)

	body_st  goto 73

state 61
	network_st:  Delete String header_st.body_st 
	body_st: .    (38)

	Body  shift 69
	.  reduce 38 (src line 86)

	body_st  goto 74

state 62
	network_st:  Head String header_st.body_st 
	body_st: .    (38)

	Body  shift 69
	.  reduce 38 (src line 86)

	body_st  goto 75

state 63
	json_st:  Json '('.String ')' 
	json_st:  Json '('.Label ')' 
	json_st:  Json '('.field_st ')' 

	String  shift 76
	Label  shift 77
	.  error

	field_st  goto 78

state 64
	print_st:  Print '(' Value ')'.    (12)

	.  reduce 12 (src line 44)


state 65
	print_st:  Print '(' Label ')'.    (13)

	.  reduce 13 (src line 46)


state 66
	print_st:  Print '(' field_st ')'.    (15)

	.  reduce 15 (src line 48)


state 67
	print_st:  Print '(' network_st ')'.    (16)

	.  reduce 16 (src line 49)


state 68
	network_st:  Get String header_st body_st.    (41)

	.  reduce 41 (src line 91)


state 69
	body_st:  Body.String 
	body_st:  Body.json_st 

	String  shift 79
	Json  shift 41
	.  error

	json_st  goto 80

state 70
	header_st:  header_sg header_sg.    (37)

	.  reduce 37 (src line 84)


state 71
	header_sg:  Header String.    (34)

	.  reduce 34 (src line 78)


state 72
	network_st:  Put String header_st body_st.    (42)

	.  reduce 42 (src line 93)


state 73
	network_st:  Post String header_st body_st.    (43)

	.  reduce 43 (src line 94)


state 74
	network_st:  Delete String header_st body_st.    (44)

	.  reduce 44 (src line 95)


state 75
	network_st:  Head String header_st body_st.    (45)

	.  reduce 45 (src line 96)


state 76
	json_st:  Json '(' String.')' 

	')'  shift 81
	.  error


state 77
	json_st:  Json '(' Label.')' 
	field_st:  Label.'.' Label 

	')'  shift 82
	'.'  shift 22
	.  error


state 78
	json_st:  Json '(' field_st.')' 
	field_st:  field_st.'.' Label 

	')'  shift 83
	'.'  shift 23
	.  error


state 79
	body_st:  Body String.    (39)

	.  reduce 39 (src line 88)


state 80
	body_st:  Body json_st.    (40)

	.  reduce 40 (src line 89)


state 81
	json_st:  Json '(' String ')'.    (18)

	.  reduce 18 (src line 54)


state 82
	json_st:  Json '(' Label ')'.    (19)

	.  reduce 19 (src line 56)


state 83
	json_st:  Json '(' field_st ')'.    (20)

	.  reduce 20 (src line 57)


24 terminals, 16 nonterminals
48 grammar rules, 84/16000 states
0 shift/reduce, 0 reduce/reduce conflicts reported
65 working sets used
memory: parser 43/240000
41 extra closures
94 shift entries, 3 exceptions
36 goto entries
8 entries saved by goto default
Optimizer space used: output 105/240000
105 table entries, 0 zero
maximum spread: 24, maximum offset: 69
